<?xml version="1.0" encoding="UTF-8"?>
<testsuite name="com.shop.project.OnlineShop.OnlineShopApplicationTests" tests="1" skipped="0" failures="0" errors="0" timestamp="2024-12-11T15:33:14" hostname="DESKTOP-R9CD8C9" time="0.562">
  <properties/>
  <testcase name="contextLoads()" classname="com.shop.project.OnlineShop.OnlineShopApplicationTests" time="0.562"/>
  <system-out><![CDATA[18:33:14.099 [Test worker] INFO org.springframework.test.context.support.AnnotationConfigContextLoaderUtils -- Could not detect default configuration classes for test class [com.shop.project.OnlineShop.OnlineShopApplicationTests]: OnlineShopApplicationTests does not declare any static, non-private, non-final, nested classes annotated with @Configuration.
18:33:14.177 [Test worker] INFO org.springframework.boot.test.context.SpringBootTestContextBootstrapper -- Found @SpringBootConfiguration com.shop.project.OnlineShop.OnlineShopApplication for test class com.shop.project.OnlineShop.OnlineShopApplicationTests

  .   ____          _            __ _ _
 /\\ / ___'_ __ _ _(_)_ __  __ _ \ \ \ \
( ( )\___ | '_ | '_| | '_ \/ _` | \ \ \ \
 \\/  ___)| |_)| | | | | || (_| |  ) ) ) )
  '  |____| .__|_| |_|_| |_\__, | / / / /
 =========|_|==============|___/=/_/_/_/

 :: Spring Boot ::                (v3.4.0)

2024-12-11T18:33:14.462+03:00  INFO 12436 --- [OnlineShop] [    Test worker] c.s.p.O.OnlineShopApplicationTests       : Starting OnlineShopApplicationTests using Java 21.0.2 with PID 12436 (started by Paradigma in D:\OnlineShop_temp\OnlineShop_temp (2)\OnlineShop_temp\OnlineShop)
2024-12-11T18:33:14.464+03:00  INFO 12436 --- [OnlineShop] [    Test worker] c.s.p.O.OnlineShopApplicationTests       : No active profile set, falling back to 1 default profile: "default"
2024-12-11T18:33:14.811+03:00  INFO 12436 --- [OnlineShop] [    Test worker] c.s.p.O.OnlineShopApplicationTests       : Started OnlineShopApplicationTests in 0.526 seconds (process running for 1.694)
]]></system-out>
  <system-err><![CDATA[Mockito is currently self-attaching to enable the inline-mock-maker. This will no longer work in future releases of the JDK. Please add Mockito as an agent to your build what is described in Mockito's documentation: https://javadoc.io/doc/org.mockito/mockito-core/latest/org/mockito/Mockito.html#0.3
WARNING: A Java agent has been loaded dynamically (C:\Users\Paradigma\.gradle\caches\modules-2\files-2.1\net.bytebuddy\byte-buddy-agent\1.15.10\e8eb255b2c378b9a6c7341e7b0e12f0a5636377\byte-buddy-agent-1.15.10.jar)
WARNING: If a serviceability tool is in use, please run with -XX:+EnableDynamicAgentLoading to hide this warning
WARNING: If a serviceability tool is not in use, please run with -Djdk.instrument.traceUsage for more information
WARNING: Dynamic loading of agents will be disallowed by default in a future release
]]></system-err>
</testsuite>
